2026-06-12 09:30:05,151  INFO      nurture poller start (T5d): dry_run=False date=2026-06-12
2026-06-12 09:30:07,712  INFO      nurture poller: 2 pending; 45 patients scanned; go_live_at=None approved=0

================ NURTURE RUN PLAN (T5d) ================
date=2026-06-12  dry_run=False  pending=2  go_live_at=None
- [exit] Michelle A. (mem-sDqU1B2kixBd) plan=SO - GLP-1 Semaglutide -- cross-record conversion (payment/active elsewhere)
- [skip] Dan I. (mem-zhNHV8snambF) plan=Concierge 2026 -- hard-excluded (ratified not-for-nurture)
=======================================================

2026-06-13 09:30:04,400  INFO      nurture poller start (T5d): dry_run=False date=2026-06-13
2026-06-13 09:30:07,529  INFO      nurture poller: 3 pending; 46 patients scanned; go_live_at=None approved=0

================ NURTURE RUN PLAN (T5d) ================
date=2026-06-13  dry_run=False  pending=3  go_live_at=None
- [needs_approval] Greg C. (mem-alHh4NEMbBDV) plan=Concierge - Medicare Beneficiary -- pre-existing pending membership; awaiting Charlie approval (halt cond. 2)
- [exit] Michelle A. (mem-sDqU1B2kixBd) plan=SO - GLP-1 Semaglutide -- cross-record conversion (payment/active elsewhere)
- [skip] Dan I. (mem-zhNHV8snambF) plan=Concierge 2026 -- hard-excluded (ratified not-for-nurture)

** 1 pre-existing pending membership(s) AWAITING APPROVAL (not sent). **
=======================================================

2026-06-14 09:30:04,397  INFO      nurture poller start (T5d): dry_run=False date=2026-06-14
2026-06-14 09:30:06,911  INFO      nurture poller: 3 pending; 46 patients scanned; go_live_at=None approved=0

================ NURTURE RUN PLAN (T5d) ================
date=2026-06-14  dry_run=False  pending=3  go_live_at=None
- [needs_approval] Greg C. (mem-alHh4NEMbBDV) plan=Concierge - Medicare Beneficiary -- pre-existing pending membership; awaiting Charlie approval (halt cond. 2)
- [exit] Michelle A. (mem-sDqU1B2kixBd) plan=SO - GLP-1 Semaglutide -- cross-record conversion (payment/active elsewhere)
- [skip] Dan I. (mem-zhNHV8snambF) plan=Concierge 2026 -- hard-excluded (ratified not-for-nurture)

** 1 pre-existing pending membership(s) AWAITING APPROVAL (not sent). **
=======================================================

2026-06-15 09:30:02,615  INFO      nurture poller start (T5d): dry_run=False date=2026-06-15
2026-06-15 09:30:05,207  INFO      nurture poller: 3 pending; 49 patients scanned; go_live_at=None approved=0
2026-06-15 09:30:11,141  INFO      canceled membership mem-5E09FqbSumm8 (end_date=2026-06-21)
2026-06-15 09:30:11,143  INFO      AUDIT reconcile_cancel: {"ts": "2026-06-15T16:30:11.142872+00:00", "action": "reconcile_cancel", "patient_id": "pat-hlEMYb8ANOMM", "membership_id": "mem-5E09FqbSumm8", "reason": "duplicate link-conversion detected", "guards": {"other_record_signal": true, "our_separate_membership": false}, "dry_run": false}

================ NURTURE RUN PLAN (T5d) ================
date=2026-06-15  dry_run=False  pending=3  go_live_at=None
- [reconcile_cancel] Charlie N. (mem-5E09FqbSumm8) plan=Concierge 2026 -- duplicate conversion -> canceled stale pending membership (once)
- [needs_approval] Greg C. (mem-alHh4NEMbBDV) plan=Concierge - Medicare Beneficiary -- pre-existing pending membership; awaiting Charlie approval (halt cond. 2)
- [skip] Dan I. (mem-zhNHV8snambF) plan=Concierge 2026 -- hard-excluded (ratified not-for-nurture)

** 1 pre-existing pending membership(s) AWAITING APPROVAL (not sent). **
=======================================================

2026-06-16 09:30:03,297  INFO      nurture poller start (T5d): dry_run=False date=2026-06-16
2026-06-16 09:30:06,008  INFO      nurture poller: 2 pending; 49 patients scanned; go_live_at=None approved=0

================ NURTURE RUN PLAN (T5d) ================
date=2026-06-16  dry_run=False  pending=2  go_live_at=None
- [needs_approval] Greg C. (mem-alHh4NEMbBDV) plan=Concierge - Medicare Beneficiary -- pre-existing pending membership; awaiting Charlie approval (halt cond. 2)
- [skip] Dan I. (mem-zhNHV8snambF) plan=Concierge 2026 -- hard-excluded (ratified not-for-nurture)

** 1 pre-existing pending membership(s) AWAITING APPROVAL (not sent). **
=======================================================

2026-06-17 09:30:02,630  INFO      nurture poller start (T5d): dry_run=False date=2026-06-17
2026-06-17 09:30:05,034  INFO      nurture poller: 2 pending; 50 patients scanned; go_live_at=None approved=0

================ NURTURE RUN PLAN (T5d) ================
date=2026-06-17  dry_run=False  pending=2  go_live_at=None
- [needs_approval] Greg C. (mem-alHh4NEMbBDV) plan=Concierge - Medicare Beneficiary -- pre-existing pending membership; awaiting Charlie approval (halt cond. 2)
- [skip] Dan I. (mem-zhNHV8snambF) plan=Concierge 2026 -- hard-excluded (ratified not-for-nurture)

** 1 pre-existing pending membership(s) AWAITING APPROVAL (not sent). **
=======================================================

2026-06-18 09:30:02,362  INFO      nurture poller start (T5d): dry_run=False date=2026-06-18
2026-06-18 09:30:04,736  INFO      nurture poller: 2 pending; 47 patients scanned; go_live_at=None approved=0

================ NURTURE RUN PLAN (T5d) ================
date=2026-06-18  dry_run=False  pending=2  go_live_at=None
- [needs_approval] Greg C. (mem-alHh4NEMbBDV) plan=Concierge - Medicare Beneficiary -- pre-existing pending membership; awaiting Charlie approval (halt cond. 2)
- [skip] Dan I. (mem-zhNHV8snambF) plan=Concierge 2026 -- hard-excluded (ratified not-for-nurture)

** 1 pre-existing pending membership(s) AWAITING APPROVAL (not sent). **
=======================================================

2026-06-19 09:30:04,473  INFO      nurture poller start (T5d): dry_run=False date=2026-06-19
2026-06-19 09:30:07,131  INFO      nurture poller: 2 pending; 47 patients scanned; go_live_at=None approved=0

================ NURTURE RUN PLAN (T5d) ================
date=2026-06-19  dry_run=False  pending=2  go_live_at=None
- [needs_approval] Greg C. (mem-alHh4NEMbBDV) plan=Concierge - Medicare Beneficiary -- pre-existing pending membership; awaiting Charlie approval (halt cond. 2)
- [skip] Dan I. (mem-zhNHV8snambF) plan=Concierge - Medicare Beneficiary -- hard-excluded (ratified not-for-nurture)

** 1 pre-existing pending membership(s) AWAITING APPROVAL (not sent). **
=======================================================

2026-06-20 09:30:03,686  INFO      nurture poller start (T5d): dry_run=False date=2026-06-20
2026-06-20 09:30:06,069  INFO      nurture poller: 2 pending; 47 patients scanned; go_live_at=None approved=0

================ NURTURE RUN PLAN (T5d) ================
date=2026-06-20  dry_run=False  pending=2  go_live_at=None
- [needs_approval] Greg C. (mem-alHh4NEMbBDV) plan=Concierge - Medicare Beneficiary -- pre-existing pending membership; awaiting Charlie approval (halt cond. 2)
- [skip] Dan I. (mem-zhNHV8snambF) plan=Concierge - Medicare Beneficiary -- hard-excluded (ratified not-for-nurture)

** 1 pre-existing pending membership(s) AWAITING APPROVAL (not sent). **
=======================================================

2026-06-21 09:30:04,897  INFO      nurture poller start (T5d): dry_run=False date=2026-06-21
2026-06-21 09:30:07,701  INFO      nurture poller: 2 pending; 47 patients scanned; go_live_at=None approved=0

================ NURTURE RUN PLAN (T5d) ================
date=2026-06-21  dry_run=False  pending=2  go_live_at=None
- [needs_approval] Greg C. (mem-alHh4NEMbBDV) plan=Concierge - Medicare Beneficiary -- pre-existing pending membership; awaiting Charlie approval (halt cond. 2)
- [skip] Dan I. (mem-zhNHV8snambF) plan=Concierge - Medicare Beneficiary -- hard-excluded (ratified not-for-nurture)

** 1 pre-existing pending membership(s) AWAITING APPROVAL (not sent). **
=======================================================

2026-06-22 09:30:02,177  INFO      nurture poller start (T5d): dry_run=False date=2026-06-22
2026-06-22 09:30:04,592  INFO      nurture poller: 2 pending; 48 patients scanned; go_live_at=None approved=0

================ NURTURE RUN PLAN (T5d) ================
date=2026-06-22  dry_run=False  pending=2  go_live_at=None
- [needs_approval] Greg C. (mem-alHh4NEMbBDV) plan=Concierge - Medicare Beneficiary -- pre-existing pending membership; awaiting Charlie approval (halt cond. 2)
- [skip] Dan I. (mem-zhNHV8snambF) plan=Concierge - Medicare Beneficiary -- hard-excluded (ratified not-for-nurture)

** 1 pre-existing pending membership(s) AWAITING APPROVAL (not sent). **
=======================================================

2026-06-23 09:30:02,336  INFO      nurture poller start (T5d): dry_run=False date=2026-06-23
2026-06-23 09:30:04,666  INFO      nurture poller: 2 pending; 48 patients scanned; go_live_at=None approved=0

================ NURTURE RUN PLAN (T5d) ================
date=2026-06-23  dry_run=False  pending=2  go_live_at=None
- [needs_approval] Greg C. (mem-alHh4NEMbBDV) plan=Concierge - Medicare Beneficiary -- pre-existing pending membership; awaiting Charlie approval (halt cond. 2)
- [skip] Dan I. (mem-zhNHV8snambF) plan=Concierge - Medicare Beneficiary -- hard-excluded (ratified not-for-nurture)

** 1 pre-existing pending membership(s) AWAITING APPROVAL (not sent). **
=======================================================

2026-06-24 09:30:02,327  INFO      nurture poller start (T5d): dry_run=False date=2026-06-24
2026-06-24 09:30:04,682  INFO      nurture poller: 2 pending; 48 patients scanned; go_live_at=None approved=0

================ NURTURE RUN PLAN (T5d) ================
date=2026-06-24  dry_run=False  pending=2  go_live_at=None
- [needs_approval] Greg C. (mem-alHh4NEMbBDV) plan=Concierge - Medicare Beneficiary -- pre-existing pending membership; awaiting Charlie approval (halt cond. 2)
- [skip] Dan I. (mem-zhNHV8snambF) plan=Concierge - Medicare Beneficiary -- hard-excluded (ratified not-for-nurture)

** 1 pre-existing pending membership(s) AWAITING APPROVAL (not sent). **
=======================================================

2026-06-25 09:30:02,333  INFO      nurture poller start (T5d): dry_run=False date=2026-06-25
2026-06-25 09:30:04,918  INFO      nurture poller: 3 pending; 48 patients scanned; go_live_at=None approved=0

================ NURTURE RUN PLAN (T5d) ================
date=2026-06-25  dry_run=False  pending=3  go_live_at=None
- [needs_approval] Greg C. (mem-alHh4NEMbBDV) plan=Concierge - Medicare Beneficiary -- pre-existing pending membership; awaiting Charlie approval (halt cond. 2)
- [needs_approval] Deborah K. (mem-dZRQTdp7Tilu) plan=Concierge 2026 -- pre-existing pending membership; awaiting Charlie approval (halt cond. 2)
- [skip] Dan I. (mem-zhNHV8snambF) plan=Concierge - Medicare Beneficiary -- hard-excluded (ratified not-for-nurture)

** 2 pre-existing pending membership(s) AWAITING APPROVAL (not sent). **
=======================================================

2026-06-26 09:30:02,289  INFO      nurture poller start (T5d): dry_run=False date=2026-06-26
2026-06-26 09:30:04,752  INFO      nurture poller: 3 pending; 48 patients scanned; go_live_at=None approved=0

================ NURTURE RUN PLAN (T5d) ================
date=2026-06-26  dry_run=False  pending=3  go_live_at=None
- [needs_approval] Greg C. (mem-alHh4NEMbBDV) plan=Concierge - Medicare Beneficiary -- pre-existing pending membership; awaiting Charlie approval (halt cond. 2)
- [needs_approval] Deborah K. (mem-dZRQTdp7Tilu) plan=Concierge 2026 -- pre-existing pending membership; awaiting Charlie approval (halt cond. 2)
- [skip] Dan I. (mem-zhNHV8snambF) plan=Concierge - Medicare Beneficiary -- hard-excluded (ratified not-for-nurture)

** 2 pre-existing pending membership(s) AWAITING APPROVAL (not sent). **
=======================================================

2026-06-27 09:30:02,414  INFO      nurture poller start (T5d): dry_run=False date=2026-06-27
2026-06-27 09:30:04,955  INFO      nurture poller: 3 pending; 48 patients scanned; go_live_at=None approved=0

================ NURTURE RUN PLAN (T5d) ================
date=2026-06-27  dry_run=False  pending=3  go_live_at=None
- [needs_approval] Greg C. (mem-alHh4NEMbBDV) plan=Concierge - Medicare Beneficiary -- pre-existing pending membership; awaiting Charlie approval (halt cond. 2)
- [needs_approval] Deborah K. (mem-dZRQTdp7Tilu) plan=Concierge 2026 -- pre-existing pending membership; awaiting Charlie approval (halt cond. 2)
- [skip] Dan I. (mem-zhNHV8snambF) plan=Concierge - Medicare Beneficiary -- hard-excluded (ratified not-for-nurture)

** 2 pre-existing pending membership(s) AWAITING APPROVAL (not sent). **
=======================================================

2026-06-28 09:30:02,420  INFO      nurture poller start (T5d): dry_run=False date=2026-06-28
2026-06-28 09:30:04,697  INFO      nurture poller: 3 pending; 49 patients scanned; go_live_at=None approved=0

================ NURTURE RUN PLAN (T5d) ================
date=2026-06-28  dry_run=False  pending=3  go_live_at=None
- [needs_approval] Greg C. (mem-alHh4NEMbBDV) plan=Concierge - Medicare Beneficiary -- pre-existing pending membership; awaiting Charlie approval (halt cond. 2)
- [needs_approval] Deborah K. (mem-dZRQTdp7Tilu) plan=Concierge 2026 -- pre-existing pending membership; awaiting Charlie approval (halt cond. 2)
- [skip] Dan I. (mem-zhNHV8snambF) plan=Concierge - Medicare Beneficiary -- hard-excluded (ratified not-for-nurture)

** 2 pre-existing pending membership(s) AWAITING APPROVAL (not sent). **
=======================================================

2026-06-29 09:30:02,641  INFO      nurture poller start (T5d): dry_run=False date=2026-06-29
2026-06-29 09:30:05,262  INFO      nurture poller: 2 pending; 49 patients scanned; go_live_at=None approved=0

================ NURTURE RUN PLAN (T5d) ================
date=2026-06-29  dry_run=False  pending=2  go_live_at=None
- [needs_approval] Greg C. (mem-alHh4NEMbBDV) plan=Concierge - Medicare Beneficiary -- pre-existing pending membership; awaiting Charlie approval (halt cond. 2)
- [skip] Dan I. (mem-zhNHV8snambF) plan=Concierge - Medicare Beneficiary -- hard-excluded (ratified not-for-nurture)

** 1 pre-existing pending membership(s) AWAITING APPROVAL (not sent). **
=======================================================

2026-06-30 09:30:03,970  INFO      nurture poller start (T5d): dry_run=False date=2026-06-30
2026-06-30 09:30:06,383  INFO      nurture poller: 2 pending; 49 patients scanned; go_live_at=None approved=0

================ NURTURE RUN PLAN (T5d) ================
date=2026-06-30  dry_run=False  pending=2  go_live_at=None
- [needs_approval] Greg C. (mem-alHh4NEMbBDV) plan=Concierge - Medicare Beneficiary -- pre-existing pending membership; awaiting Charlie approval (halt cond. 2)
- [skip] Dan I. (mem-zhNHV8snambF) plan=Concierge - Medicare Beneficiary -- hard-excluded (ratified not-for-nurture)

** 1 pre-existing pending membership(s) AWAITING APPROVAL (not sent). **
=======================================================

2026-07-01 09:30:04,034  INFO      nurture poller start (T5d): dry_run=False date=2026-07-01
2026-07-01 09:30:06,420  INFO      nurture poller: 2 pending; 49 patients scanned; go_live_at=None approved=0

================ NURTURE RUN PLAN (T5d) ================
date=2026-07-01  dry_run=False  pending=2  go_live_at=None
- [needs_approval] Greg C. (mem-alHh4NEMbBDV) plan=Concierge - Medicare Beneficiary -- pre-existing pending membership; awaiting Charlie approval (halt cond. 2)
- [skip] Dan I. (mem-zhNHV8snambF) plan=Concierge - Medicare Beneficiary -- hard-excluded (ratified not-for-nurture)

** 1 pre-existing pending membership(s) AWAITING APPROVAL (not sent). **
=======================================================

2026-07-02 09:30:03,594  INFO      nurture poller start (T5d): dry_run=False date=2026-07-02
2026-07-02 09:30:05,978  INFO      nurture poller: 2 pending; 49 patients scanned; go_live_at=None approved=0

================ NURTURE RUN PLAN (T5d) ================
date=2026-07-02  dry_run=False  pending=2  go_live_at=None
- [needs_approval] Greg C. (mem-alHh4NEMbBDV) plan=Concierge - Medicare Beneficiary -- pre-existing pending membership; awaiting Charlie approval (halt cond. 2)
- [skip] Dan I. (mem-zhNHV8snambF) plan=Concierge - Medicare Beneficiary -- hard-excluded (ratified not-for-nurture)

** 1 pre-existing pending membership(s) AWAITING APPROVAL (not sent). **
=======================================================

2026-07-03 09:30:02,795  INFO      nurture poller start (T5d): dry_run=False date=2026-07-03
2026-07-03 09:30:05,379  INFO      nurture poller: 2 pending; 49 patients scanned; go_live_at=None approved=0

================ NURTURE RUN PLAN (T5d) ================
date=2026-07-03  dry_run=False  pending=2  go_live_at=None
- [needs_approval] Greg C. (mem-alHh4NEMbBDV) plan=Concierge - Medicare Beneficiary -- pre-existing pending membership; awaiting Charlie approval (halt cond. 2)
- [skip] Dan I. (mem-zhNHV8snambF) plan=Concierge - Medicare Beneficiary -- hard-excluded (ratified not-for-nurture)

** 1 pre-existing pending membership(s) AWAITING APPROVAL (not sent). **
=======================================================

2026-07-04 09:30:02,668  INFO      nurture poller start (T5d): dry_run=False date=2026-07-04
2026-07-04 09:30:05,362  INFO      nurture poller: 2 pending; 49 patients scanned; go_live_at=None approved=0

================ NURTURE RUN PLAN (T5d) ================
date=2026-07-04  dry_run=False  pending=2  go_live_at=None
- [needs_approval] Greg C. (mem-alHh4NEMbBDV) plan=Concierge - Medicare Beneficiary -- pre-existing pending membership; awaiting Charlie approval (halt cond. 2)
- [skip] Dan I. (mem-zhNHV8snambF) plan=Concierge - Medicare Beneficiary -- hard-excluded (ratified not-for-nurture)

** 1 pre-existing pending membership(s) AWAITING APPROVAL (not sent). **
=======================================================

2026-07-05 09:30:03,059  INFO      nurture poller start (T5d): dry_run=False date=2026-07-05
2026-07-05 09:30:05,443  INFO      nurture poller: 2 pending; 49 patients scanned; go_live_at=None approved=0

================ NURTURE RUN PLAN (T5d) ================
date=2026-07-05  dry_run=False  pending=2  go_live_at=None
- [needs_approval] Greg C. (mem-alHh4NEMbBDV) plan=Concierge - Medicare Beneficiary -- pre-existing pending membership; awaiting Charlie approval (halt cond. 2)
- [skip] Dan I. (mem-zhNHV8snambF) plan=Concierge - Medicare Beneficiary -- hard-excluded (ratified not-for-nurture)

** 1 pre-existing pending membership(s) AWAITING APPROVAL (not sent). **
=======================================================

2026-07-06 09:30:03,167  INFO      nurture poller start (T5d): dry_run=False date=2026-07-06
2026-07-06 09:30:05,620  INFO      nurture poller: 2 pending; 49 patients scanned; go_live_at=None approved=0

================ NURTURE RUN PLAN (T5d) ================
date=2026-07-06  dry_run=False  pending=2  go_live_at=None
- [needs_approval] Greg C. (mem-alHh4NEMbBDV) plan=Concierge - Medicare Beneficiary -- pre-existing pending membership; awaiting Charlie approval (halt cond. 2)
- [skip] Dan I. (mem-zhNHV8snambF) plan=Concierge - Medicare Beneficiary -- hard-excluded (ratified not-for-nurture)

** 1 pre-existing pending membership(s) AWAITING APPROVAL (not sent). **
=======================================================

2026-07-07 09:30:02,332  INFO      nurture poller start (T5d): dry_run=False date=2026-07-07
2026-07-07 09:30:22,499  INFO      nurture poller: 2 pending; 50 patients scanned; go_live_at=None approved=0

================ NURTURE RUN PLAN (T5d) ================
date=2026-07-07  dry_run=False  pending=2  go_live_at=None
- [needs_approval] Greg C. (mem-alHh4NEMbBDV) plan=Concierge - Medicare Beneficiary -- pre-existing pending membership; awaiting Charlie approval (halt cond. 2)
- [skip] Dan I. (mem-zhNHV8snambF) plan=Concierge - Medicare Beneficiary -- hard-excluded (ratified not-for-nurture)

** 1 pre-existing pending membership(s) AWAITING APPROVAL (not sent). **
=======================================================

2026-07-08 09:30:04,043  INFO      nurture poller start (T5d): dry_run=False date=2026-07-08
2026-07-08 09:30:06,583  INFO      nurture poller: 2 pending; 50 patients scanned; go_live_at=None approved=0

================ NURTURE RUN PLAN (T5d) ================
date=2026-07-08  dry_run=False  pending=2  go_live_at=None
- [needs_approval] Greg C. (mem-alHh4NEMbBDV) plan=Concierge - Medicare Beneficiary -- pre-existing pending membership; awaiting Charlie approval (halt cond. 2)
- [skip] Dan I. (mem-zhNHV8snambF) plan=Concierge - Medicare Beneficiary -- hard-excluded (ratified not-for-nurture)

** 1 pre-existing pending membership(s) AWAITING APPROVAL (not sent). **
=======================================================

2026-07-09 09:30:03,832  INFO      nurture poller start (T5d): dry_run=False date=2026-07-09
2026-07-09 09:30:06,440  INFO      nurture poller: 1 pending; 50 patients scanned; go_live_at=None approved=0

================ NURTURE RUN PLAN (T5d) ================
date=2026-07-09  dry_run=False  pending=1  go_live_at=None
- [needs_approval] Greg C. (mem-alHh4NEMbBDV) plan=Concierge - Medicare Beneficiary -- pre-existing pending membership; awaiting Charlie approval (halt cond. 2)

** 1 pre-existing pending membership(s) AWAITING APPROVAL (not sent). **
=======================================================

2026-07-10 09:30:01,723  INFO      nurture poller start (T5d): dry_run=False date=2026-07-10
2026-07-10 09:30:04,454  INFO      nurture poller: 1 pending; 50 patients scanned; go_live_at=None approved=0

================ NURTURE RUN PLAN (T5d) ================
date=2026-07-10  dry_run=False  pending=1  go_live_at=None
- [needs_approval] Greg C. (mem-alHh4NEMbBDV) plan=Concierge - Medicare Beneficiary -- pre-existing pending membership; awaiting Charlie approval (halt cond. 2)

** 1 pre-existing pending membership(s) AWAITING APPROVAL (not sent). **
=======================================================

2026-07-11 09:30:04,862  INFO      nurture poller start (T5d): dry_run=False date=2026-07-11
2026-07-11 09:30:07,068  INFO      nurture poller: 1 pending; 50 patients scanned; go_live_at=None approved=0

================ NURTURE RUN PLAN (T5d) ================
date=2026-07-11  dry_run=False  pending=1  go_live_at=None
- [needs_approval] Greg C. (mem-alHh4NEMbBDV) plan=Concierge - Medicare Beneficiary -- pre-existing pending membership; awaiting Charlie approval (halt cond. 2)

** 1 pre-existing pending membership(s) AWAITING APPROVAL (not sent). **
=======================================================

2026-07-12 09:30:01,657  INFO      nurture poller start (T5d): dry_run=False date=2026-07-12
2026-07-12 09:30:04,027  INFO      nurture poller: 0 pending; 50 patients scanned; go_live_at=None approved=0

================ NURTURE RUN PLAN (T5d) ================
date=2026-07-12  dry_run=False  pending=0  go_live_at=None
No pending memberships. Nothing to do.
=======================================================

2026-07-13 09:30:02,512  INFO      nurture poller start (T5d): dry_run=False date=2026-07-13
2026-07-13 09:30:05,280  INFO      nurture poller: 1 pending; 51 patients scanned; go_live_at=2026-07-13T15:08:06.609934+00:00 approved=0

================ NURTURE RUN PLAN (T5d) ================
date=2026-07-13  dry_run=False  pending=1  go_live_at=2026-07-13T15:08:06.609934+00:00
- [needs_approval] allyson w. (mem-6ZJB3wl0Rhvq) plan=Concierge 2026 -- pre-existing pending membership; awaiting Charlie approval (halt cond. 2)

** 1 pre-existing pending membership(s) AWAITING APPROVAL (not sent). **
=======================================================

2026-07-14 09:30:01,580  INFO      nurture poller start (T5d): dry_run=False date=2026-07-14
2026-07-14 09:30:04,689  INFO      nurture poller: 2 pending; 55 patients scanned; go_live_at=2026-07-13T15:08:06.609934+00:00 approved=0
2026-07-14 09:30:11,381  INFO      canceled membership mem-R6kubnHgfC4B (end_date=2026-07-20)
2026-07-14 09:30:11,382  INFO      AUDIT reconcile_cancel: {"ts": "2026-07-14T16:30:11.381112+00:00", "action": "reconcile_cancel", "patient_id": "pat-191oBijPhGoP", "membership_id": "mem-R6kubnHgfC4B", "reason": "duplicate link-conversion detected", "guards": {"other_record_signal": false, "our_separate_membership": true}, "dry_run": false}

================ NURTURE RUN PLAN (T5d) ================
date=2026-07-14  dry_run=False  pending=2  go_live_at=2026-07-13T15:08:06.609934+00:00
- [needs_approval] allyson w. (mem-6ZJB3wl0Rhvq) plan=Concierge 2026 -- pre-existing pending membership; awaiting Charlie approval (halt cond. 2)
- [reconcile_cancel] Marian A. (mem-R6kubnHgfC4B) plan=SO - GLP-1 Semaglutide -- duplicate conversion -> canceled stale pending membership (once)

** 1 pre-existing pending membership(s) AWAITING APPROVAL (not sent). **
=======================================================

2026-07-16 07:46:21,439  INFO      nurture poller start (T5d): dry_run=False date=2026-07-16
2026-07-16 07:46:24,181  INFO      nurture poller: 1 pending; 57 patients scanned; go_live_at=2026-07-13T15:08:06.609934+00:00 approved=0

================ NURTURE RUN PLAN (T5d) ================
date=2026-07-16  dry_run=False  pending=1  go_live_at=2026-07-13T15:08:06.609934+00:00
- [exit] Colleen K. (mem-KXYcdzicKRW9) plan=SO - GLP-1 Tirzepatide -- cross-record conversion (payment/active elsewhere)
=======================================================

2026-07-16 09:30:00,585  INFO      nurture poller start (T5d): dry_run=False date=2026-07-16
2026-07-16 09:30:03,585  INFO      nurture poller: 1 pending; 57 patients scanned; go_live_at=2026-07-13T15:08:06.609934+00:00 approved=0

================ NURTURE RUN PLAN (T5d) ================
date=2026-07-16  dry_run=False  pending=1  go_live_at=2026-07-13T15:08:06.609934+00:00
- [exit] Colleen K. (mem-KXYcdzicKRW9) plan=SO - GLP-1 Tirzepatide -- cross-record conversion (payment/active elsewhere)
=======================================================

2026-07-17 09:30:01,638  INFO      nurture poller start (T5d): dry_run=False date=2026-07-17
2026-07-17 09:30:04,116  INFO      nurture poller: 2 pending; 58 patients scanned; go_live_at=2026-07-13T15:08:06.609934+00:00 approved=0

================ NURTURE RUN PLAN (T5d) ================
date=2026-07-17  dry_run=False  pending=2  go_live_at=2026-07-13T15:08:06.609934+00:00
- [exit] Colleen K. (mem-KXYcdzicKRW9) plan=SO - GLP-1 Tirzepatide -- cross-record conversion (payment/active elsewhere)
- [exit] Marian A. (mem-R6kubnHgfC4B) plan=SO - GLP-1 Semaglutide -- cross-record conversion (payment/active elsewhere)
=======================================================

